<?xml version="1.0" encoding="UTF-8"?>
<testsuite name="rspec" tests="186" skipped="0" failures="0" errors="0" time="343.947971" timestamp="2021-06-03T00:43:36+00:00" hostname="ws-0f870392-08f0-42dc-9b3d-375f0f7e5066">
<properties>
<property name="seed" value="19815"/>
</properties>
<testcase classname="spec.helpers.measurements_helper_spec" name="MeasurementsHelper#measurement_nav_li should have li tag with &quot;active&quot; class attribute" file="./spec/helpers/measurements_helper_spec.rb" time="1.174047"></testcase>
<testcase classname="spec.views.bgeigie_imports.show" name="bgeigie_imports/show.html.erb When BgeigieImport status is awaiting_response with no contact history 例外が発生しない" file="./spec/views/bgeigie_imports/show.html.erb_spec.rb" time="17.864338"></testcase>
<testcase classname="spec.controllers.bgeigie_imports.rejected_import_controller_spec" name="BgeigieImports::RejectedImportController GET #index is expected not to be nil" file="./spec/controllers/bgeigie_imports/rejected_import_controller_spec.rb" time="1.124906"></testcase>
<testcase classname="spec.controllers.bgeigie_imports.rejected_import_controller_spec" name="BgeigieImports::RejectedImportController GET #index is expected to be ok" file="./spec/controllers/bgeigie_imports/rejected_import_controller_spec.rb" time="1.128495"></testcase>
<testcase classname="spec.requests.device_story_comments_controller_spec" name="DeviceStoryCommentsController DELETE #destroy deletes comment" file="./spec/requests/device_story_comments_controller_spec.rb" time="1.209637"></testcase>
<testcase classname="spec.requests.device_story_comments_controller_spec" name="DeviceStoryCommentsController POST #create creates invalid comment" file="./spec/requests/device_story_comments_controller_spec.rb" time="1.137996"></testcase>
<testcase classname="spec.requests.device_story_comments_controller_spec" name="DeviceStoryCommentsController POST #create creates valid comment" file="./spec/requests/device_story_comments_controller_spec.rb" time="1.088019"></testcase>
<testcase classname="spec.models.device_spec" name="Device sensor is expected to == &quot;LND-712&quot;" file="./spec/models/device_spec.rb" time="1.067052"></testcase>
<testcase classname="spec.models.device_spec" name="Device model is expected to == &quot;iGeigie&quot;" file="./spec/models/device_spec.rb" time="1.055201"></testcase>
<testcase classname="spec.models.device_spec" name="Device manufacturer is expected to == &quot;Safecast&quot;" file="./spec/models/device_spec.rb" time="1.035987"></testcase>
<testcase classname="spec.acceptance.user_submits_reading_spec" name="User submits a reading when a device does not exist first reading" file="./spec/acceptance/user_submits_reading_spec.rb" time="8.457302"></testcase>
<testcase classname="spec.controllers.bgeigie_imports.auto_approved_controller_spec" name="BgeigieImports::AutoApprovedController GET #index is expected not to be nil" file="./spec/controllers/bgeigie_imports/auto_approved_controller_spec.rb" time="1.034665"></testcase>
<testcase classname="spec.controllers.bgeigie_imports.auto_approved_controller_spec" name="BgeigieImports::AutoApprovedController GET #index is expected to be ok" file="./spec/controllers/bgeigie_imports/auto_approved_controller_spec.rb" time="1.027185"></testcase>
<testcase classname="spec.models.measurement_import_spec" name="MeasurementImport validations uniqueness_of_md5sum should check uniqueness of md5sum" file="./spec/models/measurement_import_spec.rb" time="1.052853"></testcase>
<testcase classname="spec.models.drive_import_spec" name="DriveImport#name when it has name is expected to eq &quot;MyDrive&quot;" file="./spec/models/drive_import_spec.rb" time="1.070139"></testcase>
<testcase classname="spec.models.drive_import_spec" name="DriveImport#name when it has no name is expected to eq &quot;Drive #1&quot;" file="./spec/models/drive_import_spec.rb" time="1.052733"></testcase>
<testcase classname="spec.models.drive_import_spec" name="DriveImport#user_id is expected to eq 1" file="./spec/models/drive_import_spec.rb" time="1.124399"></testcase>
<testcase classname="spec.models.drive_import_spec" name="DriveImport#process is expected to be present" file="./spec/models/drive_import_spec.rb" time="1.094739"></testcase>
<testcase classname="spec.models.drive_import_spec" name="DriveImport#process is expected to eq &quot;done&quot;" file="./spec/models/drive_import_spec.rb" time="1.061542"></testcase>
<testcase classname="spec.models.drive_import_spec" name="DriveImport#user is expected to eq #&lt;User id: 1, email: &quot;paul10@rslw.com&quot;, authentication_token: &quot;_muqZGe5FdFdhF1mqkYi&quot;, name: &quot;Paul Campbell&quot;, first_name: nil, last_name: nil&gt;" file="./spec/models/drive_import_spec.rb" time="1.048847"></testcase>
<testcase classname="spec.controllers.bgeigie_imports_controller_spec" name="BgeigieImportsController GET #index status scope rejected should list only rejected imports" file="./spec/controllers/bgeigie_imports_controller_spec.rb" time="1.152377"></testcase>
<testcase classname="spec.controllers.bgeigie_imports_controller_spec" name="BgeigieImportsController GET #index status scope not_moderated should list only imports that have not been moderated" file="./spec/controllers/bgeigie_imports_controller_spec.rb" time="1.300041"></testcase>
<testcase classname="spec.controllers.bgeigie_imports_controller_spec" name="BgeigieImportsController GET #index status scope invalid should list all imports" file="./spec/controllers/bgeigie_imports_controller_spec.rb" time="1.156991"></testcase>
<testcase classname="spec.controllers.bgeigie_imports_controller_spec" name="BgeigieImportsController GET #index status scope approved should list only approved imports" file="./spec/controllers/bgeigie_imports_controller_spec.rb" time="1.151267"></testcase>
<testcase classname="spec.controllers.bgeigie_imports_controller_spec" name="BgeigieImportsController GET #index subtype=Cosmic should filter by subtype" file="./spec/controllers/bgeigie_imports_controller_spec.rb" time="1.126172"></testcase>
<testcase classname="spec.controllers.bgeigie_imports_controller_spec" name="BgeigieImportsController GET #index subtype=Drive,None should filter by subtype" file="./spec/controllers/bgeigie_imports_controller_spec.rb" time="1.130901"></testcase>
<testcase classname="spec.controllers.bgeigie_imports_controller_spec" name="BgeigieImportsController GET #index no filter should get all imports" file="./spec/controllers/bgeigie_imports_controller_spec.rb" time="1.250514"></testcase>
<testcase classname="spec.controllers.bgeigie_imports_controller_spec" name="BgeigieImportsController PATCH #approve non-login user is expected to redirect to &quot;/en-US&quot;" file="./spec/controllers/bgeigie_imports_controller_spec.rb" time="1.057189"></testcase>
<testcase classname="spec.controllers.bgeigie_imports_controller_spec" name="BgeigieImportsController PATCH #approve non-login user is expected to be present" file="./spec/controllers/bgeigie_imports_controller_spec.rb" time="1.019147"></testcase>
<testcase classname="spec.controllers.bgeigie_imports_controller_spec" name="BgeigieImportsController GET #kml is expected to be ok" file="./spec/controllers/bgeigie_imports_controller_spec.rb" time="1.014758"></testcase>
<testcase classname="spec.controllers.bgeigie_imports_controller_spec" name="BgeigieImportsController GET #kml is expected to eq &quot;application/vnd.google-earth.kml+xml&quot;" file="./spec/controllers/bgeigie_imports_controller_spec.rb" time="1.039018"></testcase>
<testcase classname="spec.controllers.bgeigie_imports_controller_spec" name="BgeigieImportsController GET #kml should use original filename" file="./spec/controllers/bgeigie_imports_controller_spec.rb" time="1.193098"></testcase>
<testcase classname="spec.controllers.bgeigie_imports_controller_spec" name="BgeigieImportsController PATCH #send_email should create contact history" file="./spec/controllers/bgeigie_imports_controller_spec.rb" time="1.053679"></testcase>
<testcase classname="spec.controllers.bgeigie_imports_controller_spec" name="BgeigieImportsController PUT #submit is expected to be falsey" file="./spec/controllers/bgeigie_imports_controller_spec.rb" time="1.138977"></testcase>
<testcase classname="spec.controllers.bgeigie_imports_controller_spec" name="BgeigieImportsController PUT #submit is expected to eq &quot;submitted&quot;" file="./spec/controllers/bgeigie_imports_controller_spec.rb" time="1.140010"></testcase>
<testcase classname="spec.controllers.bgeigie_imports_controller_spec" name="BgeigieImportsController PUT #submit is expected to be nil" file="./spec/controllers/bgeigie_imports_controller_spec.rb" time="1.155077"></testcase>
<testcase classname="spec.controllers.bgeigie_imports_controller_spec" name="BgeigieImportsController PUT #submit is expected to be present" file="./spec/controllers/bgeigie_imports_controller_spec.rb" time="1.114225"></testcase>
<testcase classname="spec.controllers.bgeigie_imports_controller_spec" name="BgeigieImportsController PUT #submit is expected to redirect to #&lt;BgeigieImport id: 1, user_id: 2, source: &quot;bgeigie5.log&quot;, md5sum: &quot;e16b6dcf35be15bf1feee6a2ba608998&quot;...s_validity: nil, auto_apprv_frequent_bgeigie_id: nil, auto_apprv_good_bgeigie_id: nil, version: nil&gt;" file="./spec/controllers/bgeigie_imports_controller_spec.rb" time="1.112005"></testcase>
<testcase classname="spec.controllers.bgeigie_imports_controller_spec" name="BgeigieImportsController PATCH #resolve should resolve import that has been waited for clarification" file="./spec/controllers/bgeigie_imports_controller_spec.rb" time="1.069137"></testcase>
<testcase classname="spec.controllers.bgeigie_imports_controller_spec" name="BgeigieImportsController DELETE #destroy when bGeigie import is not approved when login user is not owner of bgeigie import is expected to be not found" file="./spec/controllers/bgeigie_imports_controller_spec.rb" time="1.091614"></testcase>
<testcase classname="spec.controllers.bgeigie_imports_controller_spec" name="BgeigieImportsController DELETE #destroy when bGeigie import is not approved when login user is not owner of bgeigie import should not delete bgeigie import" file="./spec/controllers/bgeigie_imports_controller_spec.rb" time="1.040340"></testcase>
<testcase classname="spec.controllers.bgeigie_imports_controller_spec" name="BgeigieImportsController DELETE #destroy when bGeigie import is not approved when login user is owner of bgeigie import is expected to redirect to &quot;/en-US/bgeigie_imports&quot;" file="./spec/controllers/bgeigie_imports_controller_spec.rb" time="1.043846"></testcase>
<testcase classname="spec.controllers.bgeigie_imports_controller_spec" name="BgeigieImportsController DELETE #destroy when bGeigie import is not approved when login user is owner of bgeigie import should delete bgeigie import" file="./spec/controllers/bgeigie_imports_controller_spec.rb" time="1.040891"></testcase>
<testcase classname="spec.controllers.bgeigie_imports_controller_spec" name="BgeigieImportsController DELETE #destroy when bGeigie import is not approved when login user is not owner of bgeigie import, but moderator should delete bgeigie import" file="./spec/controllers/bgeigie_imports_controller_spec.rb" time="1.075090"></testcase>
<testcase classname="spec.controllers.bgeigie_imports_controller_spec" name="BgeigieImportsController DELETE #destroy when bGeigie import is not approved when login user is not owner of bgeigie import, but moderator is expected to redirect to &quot;/en-US/bgeigie_imports&quot;" file="./spec/controllers/bgeigie_imports_controller_spec.rb" time="1.068752"></testcase>
<testcase classname="spec.controllers.bgeigie_imports_controller_spec" name="BgeigieImportsController DELETE #destroy when bGeigie import is not approved when non-login user should not delete bgeigie import" file="./spec/controllers/bgeigie_imports_controller_spec.rb" time="1.046156"></testcase>
<testcase classname="spec.controllers.bgeigie_imports_controller_spec" name="BgeigieImportsController DELETE #destroy when bGeigie import is not approved when non-login user is expected to redirect to /users\/sign_in/" file="./spec/controllers/bgeigie_imports_controller_spec.rb" time="1.031270"></testcase>
<testcase classname="spec.controllers.bgeigie_imports_controller_spec" name="BgeigieImportsController DELETE #destroy when bGeigie import is approved when login user is owner of bgeigie import should delete not bgeigie import" file="./spec/controllers/bgeigie_imports_controller_spec.rb" time="1.001189"></testcase>
<testcase classname="spec.controllers.bgeigie_imports_controller_spec" name="BgeigieImportsController DELETE #destroy when bGeigie import is approved when login user is owner of bgeigie import is expected to redirect to &quot;/en-US/bgeigie_imports&quot;" file="./spec/controllers/bgeigie_imports_controller_spec.rb" time="1.010975"></testcase>
<testcase classname="spec.controllers.bgeigie_imports_controller_spec" name="BgeigieImportsController POST #create with subtype &quot;Drive&quot; is expected to eq 201" file="./spec/controllers/bgeigie_imports_controller_spec.rb" time="1.027114"></testcase>
<testcase classname="spec.controllers.bgeigie_imports_controller_spec" name="BgeigieImportsController POST #create with subtype &quot;Drive&quot; should set subtype of import to &quot;None&quot;" file="./spec/controllers/bgeigie_imports_controller_spec.rb" time="1.067005"></testcase>
<testcase classname="spec.controllers.bgeigie_imports_controller_spec" name="BgeigieImportsController POST #create with subtype &quot;Drive&quot; is expected to be persisted" file="./spec/controllers/bgeigie_imports_controller_spec.rb" time="1.013948"></testcase>
<testcase classname="spec.controllers.bgeigie_imports_controller_spec" name="BgeigieImportsController POST #create without subtype should set subtype of import to &quot;None&quot;" file="./spec/controllers/bgeigie_imports_controller_spec.rb" time="1.017368"></testcase>
<testcase classname="spec.controllers.bgeigie_imports_controller_spec" name="BgeigieImportsController POST #create without subtype is expected to be persisted" file="./spec/controllers/bgeigie_imports_controller_spec.rb" time="1.024905"></testcase>
<testcase classname="spec.controllers.bgeigie_imports_controller_spec" name="BgeigieImportsController POST #create without subtype is expected to eq 201" file="./spec/controllers/bgeigie_imports_controller_spec.rb" time="1.346266"></testcase>
<testcase classname="spec.controllers.bgeigie_imports_controller_spec" name="BgeigieImportsController POST #create with empty subtype is expected to eq 201" file="./spec/controllers/bgeigie_imports_controller_spec.rb" time="1.179428"></testcase>
<testcase classname="spec.controllers.bgeigie_imports_controller_spec" name="BgeigieImportsController POST #create with empty subtype should set subtype of import to &quot;None&quot;" file="./spec/controllers/bgeigie_imports_controller_spec.rb" time="1.063839"></testcase>
<testcase classname="spec.controllers.bgeigie_imports_controller_spec" name="BgeigieImportsController POST #create with empty subtype is expected to be persisted" file="./spec/controllers/bgeigie_imports_controller_spec.rb" time="1.064917"></testcase>
<testcase classname="spec.controllers.bgeigie_imports_controller_spec" name="BgeigieImportsController PATCH #reject sign in as administrator processed import without metadata should reject import" file="./spec/controllers/bgeigie_imports_controller_spec.rb" time="1.109761"></testcase>
<testcase classname="spec.views.bgeigie_imports._auto_approve_status" name="bgeigie_imports/_auto_approve_status.html.erb Zero CPM Status No zero CPM is expected to include &quot;glyphicon-ok&quot;" file="./spec/views/bgeigie_imports/_auto_approve_status.html.erb_spec.rb" time="1.029196"></testcase>
<testcase classname="spec.views.bgeigie_imports._auto_approve_status" name="bgeigie_imports/_auto_approve_status.html.erb Zero CPM Status No zero CPM is expected to include &quot;glyphicon-remove&quot;" file="./spec/views/bgeigie_imports/_auto_approve_status.html.erb_spec.rb" time="0.999339"></testcase>
<testcase classname="spec.acceptance.user_shows_bgeigie_import_spec" name="Showing a bGeigie import login user does not see link to delete other import" file="./spec/acceptance/user_shows_bgeigie_import_spec.rb" time="7.632488"></testcase>
<testcase classname="spec.acceptance.user_shows_bgeigie_import_spec" name="Showing a bGeigie import moderator user sees link to delete any import" file="./spec/acceptance/user_shows_bgeigie_import_spec.rb" time="1.278403"></testcase>
<testcase classname="spec.acceptance.user_shows_bgeigie_import_spec" name="Showing a bGeigie import login user sees link to delete own import" file="./spec/acceptance/user_shows_bgeigie_import_spec.rb" time="1.290737"></testcase>
<testcase classname="spec.acceptance.user_shows_bgeigie_import_spec" name="Showing a bGeigie import non-login user does not see link to delete any import" file="./spec/acceptance/user_shows_bgeigie_import_spec.rb" time="1.084859"></testcase>
<testcase classname="spec.integration.api.measurements_spec" name="/measurements updating is non-destructive" file="./spec/integration/api/measurements_spec.rb" time="1.082534"></testcase>
<testcase classname="spec.integration.api.measurements_spec" name="/measurements get my measurements (/users/X/measurements)" file="./spec/integration/api/measurements_spec.rb" time="1.052674"></testcase>
<testcase classname="spec.integration.api.measurements_spec" name="/measurements all measurements (/measurements)" file="./spec/integration/api/measurements_spec.rb" time="1.081033"></testcase>
<testcase classname="spec.integration.api.measurements_spec" name="/measurements get new measurements since some time" file="./spec/integration/api/measurements_spec.rb" time="5.110737"></testcase>
<testcase classname="spec.integration.api.measurements_spec" name="/measurements get measurement count (/measurements/count)" file="./spec/integration/api/measurements_spec.rb" time="1.069834"></testcase>
<testcase classname="spec.models.measurement_spec" name="Measurement validation md5sum uniqueness: true is expected to be invalid" file="./spec/models/measurement_spec.rb" time="1.064186"></testcase>
<testcase classname="spec.models.measurement_spec" name="Measurement setting lat and lng latitude is expected to be within 2.220446049250313e-16 of 14.002" file="./spec/models/measurement_spec.rb" time="0.985033"></testcase>
<testcase classname="spec.models.measurement_spec" name="Measurement setting lat and lng longitude is expected to be within 2.220446049250313e-16 of 12.001" file="./spec/models/measurement_spec.rb" time="1.095062"></testcase>
<testcase classname="spec.models.measurement_spec" name="Measurement setting location longitude is expected to be within 2.220446049250313e-16 of 12.001" file="./spec/models/measurement_spec.rb" time="1.067022"></testcase>
<testcase classname="spec.models.measurement_spec" name="Measurement setting location latitude is expected to be within 2.220446049250313e-16 of 14.002" file="./spec/models/measurement_spec.rb" time="1.035543"></testcase>
<testcase classname="spec.lib.tasks.pending_imports_reminder" name="PendingImportsReminder process should send pending import reminders" file="./spec/lib/tasks/pending_imports_reminder.thor_spec.rb" time="1.156531"></testcase>
<testcase classname="spec.acceptance.user_tries_to_reset_password_spec" name="Password reset user visits &quot;Forgot your password?&quot; page" file="./spec/acceptance/user_tries_to_reset_password_spec.rb" time="7.269071"></testcase>
<testcase classname="spec.controllers.bgeigie_imports.awaiting_response_controller_spec" name="BgeigieImports::AwaitingResponseController GET #index is expected not to be nil" file="./spec/controllers/bgeigie_imports/awaiting_response_controller_spec.rb" time="1.005156"></testcase>
<testcase classname="spec.controllers.bgeigie_imports.awaiting_response_controller_spec" name="BgeigieImports::AwaitingResponseController GET #index is expected to be ok" file="./spec/controllers/bgeigie_imports/awaiting_response_controller_spec.rb" time="1.016851"></testcase>
<testcase classname="spec.integration.api.devices_spec" name="/devices API endpoint empty post" file="./spec/integration/api/devices_spec.rb" time="1.023635"></testcase>
<testcase classname="spec.integration.api.devices_spec" name="/devices API endpoint create a device" file="./spec/integration/api/devices_spec.rb" time="1.027020"></testcase>
<testcase classname="spec.models.user_spec" name="User#first_name and #last_name last_name is expected to == &quot;Campbell&quot;" file="./spec/models/user_spec.rb" time="0.989793"></testcase>
<testcase classname="spec.models.user_spec" name="User#first_name and #last_name first_name is expected to == &quot;Paul&quot;" file="./spec/models/user_spec.rb" time="1.053874"></testcase>
<testcase classname="spec.acceptance.guest_signs_up_spec" name="Guest signs up as a new user signing up" file="./spec/acceptance/guest_signs_up_spec.rb" time="7.497129"></testcase>
<testcase classname="spec.helpers.device_stories_helper_spec" name="DeviceStoriesHelper.sensor_data_by_sensors converts sensor data by sensor names" file="./spec/helpers/device_stories_helper_spec.rb" time="1.009962"></testcase>
<testcase classname="spec.helpers.device_stories_helper_spec" name="DeviceStoriesHelper.sensor_last_location when there is a hit return latest device location" file="./spec/helpers/device_stories_helper_spec.rb" time="1.019706"></testcase>
<testcase classname="spec.helpers.device_stories_helper_spec" name="DeviceStoriesHelper.sensor_last_location when there is no hit return latest device location" file="./spec/helpers/device_stories_helper_spec.rb" time="1.046557"></testcase>
<testcase classname="spec.helpers.device_stories_helper_spec" name="DeviceStoriesHelper.grafana_iframe provides solo panel iframe urls" file="./spec/helpers/device_stories_helper_spec.rb" time="1.029293"></testcase>
<testcase classname="spec.helpers.device_stories_helper_spec" name="DeviceStoriesHelper.grafana_more_data provides a more details grafana link" file="./spec/helpers/device_stories_helper_spec.rb" time="1.035118"></testcase>
<testcase classname="spec.integration.api.bgeigie_imports_spec" name="/bgeigie_imports API endpoint just an upload response should be unprocessed" file="./spec/integration/api/bgeigie_imports_spec.rb" time="1.299214"></testcase>
<testcase classname="spec.integration.api.bgeigie_imports_spec" name="/bgeigie_imports API endpoint after processing response should be processed" file="./spec/integration/api/bgeigie_imports_spec.rb" time="1.524790"></testcase>
<testcase classname="spec.integration.api.bgeigie_imports_spec" name="/bgeigie_imports API endpoint after processing it should have imported a bunch of measurements" file="./spec/integration/api/bgeigie_imports_spec.rb" time="1.343355"></testcase>
<testcase classname="spec.acceptance.user_reset_password_spec" name="User resets password User creates new measurement in uSv/h and view it in index page with filter" file="./spec/acceptance/user_reset_password_spec.rb" time="8.144597"></testcase>
<testcase classname="spec.controllers.device_stories_controller_spec" name="DeviceStoriesController GET #show_airnote assigns @device_story" file="./spec/controllers/device_stories_controller_spec.rb" time="1.027770"></testcase>
<testcase classname="spec.controllers.device_stories_controller_spec" name="DeviceStoriesController GET #index assigns @device_stories" file="./spec/controllers/device_stories_controller_spec.rb" time="1.054266"></testcase>
<testcase classname="spec.controllers.dashboards_controller_spec" name="DashboardsController GET #show when user is not logged in is expected to render template matcher &quot;home/show&quot;" file="./spec/controllers/dashboards_controller_spec.rb" time="0.995581"></testcase>
<testcase classname="spec.models.device_story_comment_spec" name="DeviceStoryComment#save with JSON file should have attached image" file="./spec/models/device_story_comment_spec.rb" time="1.047668"></testcase>
<testcase classname="spec.models.device_story_comment_spec" name="DeviceStoryComment#save with JPEG image should have attached image" file="./spec/models/device_story_comment_spec.rb" time="1.208518"></testcase>
<testcase classname="spec.integration.api.devices_spec" name="/devices with existing devices no duplicate devices" file="./spec/integration/api/devices_spec.rb" time="1.109260"></testcase>
<testcase classname="spec.integration.api.devices_spec" name="/devices with existing devices lookup all Safecast devices" file="./spec/integration/api/devices_spec.rb" time="1.069502"></testcase>
<testcase classname="spec.integration.api.devices_spec" name="/devices with existing devices lookup all devices" file="./spec/integration/api/devices_spec.rb" time="1.023794"></testcase>
<testcase classname="spec.integration.api.devices_spec" name="/devices with existing devices lookup a particular device" file="./spec/integration/api/devices_spec.rb" time="1.038066"></testcase>
<testcase classname="spec.mailers.notifications_spec" name="Notifications.send_email is expected to be present" file="./spec/mailers/notifications_spec.rb" time="1.235652"></testcase>
<testcase classname="spec.mailers.notifications_spec" name="Notifications.contact_moderator is expected to be present" file="./spec/mailers/notifications_spec.rb" time="1.004046"></testcase>
<testcase classname="spec.controllers.profiles_controller_spec" name="ProfilesController PATCH #update edit user profile should update user profile" file="./spec/controllers/profiles_controller_spec.rb" time="1.063589"></testcase>
<testcase classname="spec.controllers.profiles_controller_spec" name="ProfilesController PATCH #update change password should change password" file="./spec/controllers/profiles_controller_spec.rb" time="1.068538"></testcase>
<testcase classname="spec.controllers.device_story_comments_controller_spec" name="DeviceStoryCommentsController#destroy when comment has attached image should detach attached image" file="./spec/controllers/device_story_comments_controller_spec.rb" time="1.161264"></testcase>
<testcase classname="spec.acceptance.count_is_public_spec" name="Publicly viewable measurement count view http://maps.safecast.org/count" file="./spec/acceptance/count_is_public_spec.rb" time="7.490085"></testcase>
<testcase classname="spec.acceptance.user_views_bgeige_imports_not_processed_spec" name="User views unprocessed bGeigie imports viewing bGeigie imports" file="./spec/acceptance/user_views_bgeige_imports_not_processed_spec.rb" time="7.346730"></testcase>
<testcase classname="spec.acceptance.user_views_bgeige_imports_spec" name="User views bGeigie imports viewing bGeigie imports" file="./spec/acceptance/user_views_bgeige_imports_spec.rb" time="7.498591"></testcase>
<testcase classname="spec.controllers.bgeigie_imports.not_approved_controller_spec" name="BgeigieImports::NotApprovedController GET #index is expected to be ok" file="./spec/controllers/bgeigie_imports/not_approved_controller_spec.rb" time="1.067645"></testcase>
<testcase classname="spec.controllers.bgeigie_imports.not_approved_controller_spec" name="BgeigieImports::NotApprovedController GET #index is expected not to be nil" file="./spec/controllers/bgeigie_imports/not_approved_controller_spec.rb" time="0.999562"></testcase>
<testcase classname="spec.models.bgeigie_log_spec" name="BgeigieLog#latitude is expected to eq 35.64214" file="./spec/models/bgeigie_log_spec.rb" time="1.018402"></testcase>
<testcase classname="spec.models.bgeigie_log_spec" name="BgeigieLog#longitude is expected to eq 139.719176667" file="./spec/models/bgeigie_log_spec.rb" time="0.989903"></testcase>
<testcase classname="spec.models.bgeigie_log_spec" name="BgeigieLog#location= is expected to eq 35.6852" file="./spec/models/bgeigie_log_spec.rb" time="0.997120"></testcase>
<testcase classname="spec.models.bgeigie_log_spec" name="BgeigieLog#location= is expected to eq 139.7528" file="./spec/models/bgeigie_log_spec.rb" time="1.008775"></testcase>
<testcase classname="spec.models.bgeigie_log_spec" name="BgeigieLog#usv should compute usv (micro Sievert per hour) from cpm" file="./spec/models/bgeigie_log_spec.rb" time="1.034359"></testcase>
<testcase classname="spec.models.bgeigie_log_spec" name="BgeigieLog#location is expected to eq #&lt;RGeo::Geographic::SphericalPointImpl:0x2ad1879dd07c &quot;POINT (139.719176667 35.64214)&quot;&gt;" file="./spec/models/bgeigie_log_spec.rb" time="0.988811"></testcase>
<testcase classname="spec.acceptance.user_views_bgeige_imports_not_approved_spec" name="User views not-approved bGeigie imports viewing bGeigie imports" file="./spec/acceptance/user_views_bgeige_imports_not_approved_spec.rb" time="7.377705"></testcase>
<testcase classname="spec.controllers.rails_admin.main_controller_spec" name="RailsAdmin::MainController login as admin GET #dashboard is expected to be ok" file="./spec/controllers/rails_admin/main_controller_spec.rb" time="1.067091"></testcase>
<testcase classname="spec.controllers.rails_admin.main_controller_spec" name="RailsAdmin::MainController login as admin GET #new is expected to be ok" file="./spec/controllers/rails_admin/main_controller_spec.rb" time="1.574631"></testcase>
<testcase classname="spec.controllers.rails_admin.main_controller_spec" name="RailsAdmin::MainController login as admin GET #show is expected to be ok" file="./spec/controllers/rails_admin/main_controller_spec.rb" time="1.087471"></testcase>
<testcase classname="spec.controllers.rails_admin.main_controller_spec" name="RailsAdmin::MainController login as admin GET #index is expected to be ok" file="./spec/controllers/rails_admin/main_controller_spec.rb" time="1.084061"></testcase>
<testcase classname="spec.controllers.rails_admin.main_controller_spec" name="RailsAdmin::MainController login as admin POST #index is expected to be ok" file="./spec/controllers/rails_admin/main_controller_spec.rb" time="1.054992"></testcase>
<testcase classname="spec.controllers.rails_admin.main_controller_spec" name="RailsAdmin::MainController login as admin POST #new is expected to be ok" file="./spec/controllers/rails_admin/main_controller_spec.rb" time="1.028049"></testcase>
<testcase classname="spec.acceptance.user_profile_spec" name="User Profile viewing a user profile" file="./spec/acceptance/user_profile_spec.rb" time="7.229341"></testcase>
<testcase classname="spec.acceptance.user_profile_spec" name="User Profile edit profile" file="./spec/acceptance/user_profile_spec.rb" time="1.205617"></testcase>
<testcase classname="spec.acceptance.user_profile_spec" name="User Profile change password" file="./spec/acceptance/user_profile_spec.rb" time="1.204766"></testcase>
<testcase classname="spec.controllers.bgeigie_logs_controller_spec" name="BgeigieLogsController GET #index is expected to be ok" file="./spec/controllers/bgeigie_logs_controller_spec.rb" time="1.041952"></testcase>
<testcase classname="spec.controllers.ingest_controller_spec" name="IngestController GET #index When selecting PM 2.5 in Southern California on 2019-01-25 should list 1 datum" file="./spec/controllers/ingest_controller_spec.rb" time="1.718261"></testcase>
<testcase classname="spec.controllers.ingest_controller_spec" name="IngestController GET #index When selecting PM 10 in Fukushima on 2019-01-25 should list 1 datum" file="./spec/controllers/ingest_controller_spec.rb" time="1.735019"></testcase>
<testcase classname="spec.controllers.ingest_controller_spec" name="IngestController GET #index When selecting PM 2.5 in Fukushima on 2019-01-25 should list 3 data" file="./spec/controllers/ingest_controller_spec.rb" time="1.703036"></testcase>
<testcase classname="spec.controllers.ingest_controller_spec" name="IngestController GET #index When selecting PM 2.5 in Fukushima between 01:00 and 03:00 on 2019-01-25 should list 2 data" file="./spec/controllers/ingest_controller_spec.rb" time="1.871246"></testcase>
<testcase classname="spec.controllers.ingest_controller_spec" name="IngestController GET #index without parameters is expected to be ok" file="./spec/controllers/ingest_controller_spec.rb" time="1.718122"></testcase>
<testcase classname="spec.acceptance.device_story_airnote_spec" name="AirNote device story view AirNote device story" file="./spec/acceptance/device_story_airnote_spec.rb" time="8.066314"></testcase>
<testcase classname="spec.models.ingest_measurment_spec" name="IngestMeasurement#data_for_device should fetch data" file="./spec/models/ingest_measurment_spec.rb" time="1.812039"></testcase>
<testcase classname="spec.acceptance.user_views_their_measurements_spec" name="User submits a reading Viewing a single measurement entry" file="./spec/acceptance/user_views_their_measurements_spec.rb" time="7.663221"></testcase>
<testcase classname="spec.acceptance.user_views_their_measurements_spec" name="User submits a reading First reading" file="./spec/acceptance/user_views_their_measurements_spec.rb" time="1.443087"></testcase>
<testcase classname="spec.models.bgeigie_import_spec" name="BgeigieImport#initialize should set subtype to &quot;None&quot; by default" file="./spec/models/bgeigie_import_spec.rb" time="1.002672"></testcase>
<testcase classname="spec.models.bgeigie_import_spec" name="BgeigieImport#initialize should use provided subtype" file="./spec/models/bgeigie_import_spec.rb" time="1.024762"></testcase>
<testcase classname="spec.models.bgeigie_import_spec" name="BgeigieImport#process valid log file should count the number of lines in the file" file="./spec/models/bgeigie_import_spec.rb" time="1.332289"></testcase>
<testcase classname="spec.models.bgeigie_import_spec" name="BgeigieImport#process valid log file should set measurement attributes" file="./spec/models/bgeigie_import_spec.rb" time="1.318677"></testcase>
<testcase classname="spec.models.bgeigie_import_spec" name="BgeigieImport#process valid log file should create measurements" file="./spec/models/bgeigie_import_spec.rb" time="1.283284"></testcase>
<testcase classname="spec.models.bgeigie_import_spec" name="BgeigieImport#process valid log file should create 23 Bgeigie Logs" file="./spec/models/bgeigie_import_spec.rb" time="1.313249"></testcase>
<testcase classname="spec.models.bgeigie_import_spec" name="BgeigieImport#process valid log file should not load them twice" file="./spec/models/bgeigie_import_spec.rb" time="1.663084"></testcase>
<testcase classname="spec.models.bgeigie_import_spec" name="BgeigieImport#process valid log file should set the id" file="./spec/models/bgeigie_import_spec.rb" time="1.328901"></testcase>
<testcase classname="spec.models.bgeigie_import_spec" name="BgeigieImport#process valid log file that is measured in N.Y.C. should calculate measurements to the correct hemisphere" file="./spec/models/bgeigie_import_spec.rb" time="1.353331"></testcase>
<testcase classname="spec.models.bgeigie_import_spec" name="BgeigieImport#process invalid log file that contains GPS bug should calculate measurements to the correct hemisphere" file="./spec/models/bgeigie_import_spec.rb" time="1.412980"></testcase>
<testcase classname="spec.models.bgeigie_import_spec" name="BgeigieImport#process corrupted log file that cannot be imported should not import any measurements" file="./spec/models/bgeigie_import_spec.rb" time="1.211099"></testcase>
<testcase classname="spec.models.bgeigie_import_spec" name="BgeigieImport#process corrupted log file that cannot be imported should reject" file="./spec/models/bgeigie_import_spec.rb" time="1.228496"></testcase>
<testcase classname="spec.models.bgeigie_import_spec" name="BgeigieImport#process invalid log file with data corruptions should import upto corrupted line" file="./spec/models/bgeigie_import_spec.rb" time="1.339260"></testcase>
<testcase classname="spec.acceptance.user_creates_a_device_spec" name="User creates a new device when submitting a reading new device" file="./spec/acceptance/user_creates_a_device_spec.rb" time="7.220862"></testcase>
<testcase classname="spec.safecast.actions.bgeigie_imports.kml_spec" name="Actions::BgeigieImports::Kml#call should send file" file="./spec/safecast/actions/bgeigie_imports/kml_spec.rb" time="1.008239"></testcase>
<testcase classname="spec.acceptance.user_uploads_bgeigie_log_spec" name="User uploads bgeigie log as a regular user uploading a bgeigie log file" file="./spec/acceptance/user_uploads_bgeigie_log_spec.rb" time="8.388849"></testcase>
<testcase classname="spec.acceptance.user_uploads_bgeigie_log_spec" name="User uploads bgeigie log as a moderator approving a bGeigie log file" file="./spec/acceptance/user_uploads_bgeigie_log_spec.rb" time="2.027270"></testcase>
<testcase classname="spec.safecast.tasks.device_stories.update_metadata_spec" name="Tasks::DeviceStories::UpdateMetadata.call imports new device without device_contact_name" file="./spec/safecast/tasks/device_stories/update_metadata_spec.rb" time="1.040818"></testcase>
<testcase classname="spec.safecast.tasks.device_stories.update_metadata_spec" name="Tasks::DeviceStories::UpdateMetadata.call imports new device_stories" file="./spec/safecast/tasks/device_stories/update_metadata_spec.rb" time="1.028729"></testcase>
<testcase classname="spec.safecast.tasks.device_stories.update_metadata_spec" name="Tasks::DeviceStories::UpdateMetadata.call when device_story exists updates device_story" file="./spec/safecast/tasks/device_stories/update_metadata_spec.rb" time="1.098369"></testcase>
<testcase classname="spec.models.drive_log_spec" name="DriveLog#update_md5sum is expected to be present" file="./spec/models/drive_log_spec.rb" time="1.044416"></testcase>
<testcase classname="spec.models.drive_log_spec" name="DriveLog#update_location is expected to raise NameError" file="./spec/models/drive_log_spec.rb" time="1.021769"></testcase>
<testcase classname="spec.integration.api.users_spec" name="/api/users API endpoint create user" file="./spec/integration/api/users_spec.rb" time="1.011588"></testcase>
<testcase classname="spec.acceptance.user_submits_reading_spec" name="User submits a reading while devices exist reading with a device" file="./spec/acceptance/user_submits_reading_spec.rb" time="7.518877"></testcase>
<testcase classname="spec.acceptance.user_submits_reading_spec" name="User submits a reading while devices exist reading with no device" file="./spec/acceptance/user_submits_reading_spec.rb" time="1.362482"></testcase>
<testcase classname="spec.controllers.bgeigie_imports.not_processed_controller_spec" name="BgeigieImports::NotProcessedController GET #index is expected not to be nil" file="./spec/controllers/bgeigie_imports/not_processed_controller_spec.rb" time="1.027247"></testcase>
<testcase classname="spec.controllers.bgeigie_imports.not_processed_controller_spec" name="BgeigieImports::NotProcessedController GET #index is expected to be ok" file="./spec/controllers/bgeigie_imports/not_processed_controller_spec.rb" time="0.998804"></testcase>
<testcase classname="spec.acceptance.user_creates_new_measurement_spec" name="Creating new mesurement User creates new measurement in uSv/h and view it in index page with filter" file="./spec/acceptance/user_creates_new_measurement_spec.rb" time="7.487030"></testcase>
<testcase classname="spec.controllers.measurements_controller_spec" name="MeasurementsController POST #create valid data without measurement prefix is expected to eq 1" file="./spec/controllers/measurements_controller_spec.rb" time="1.050497"></testcase>
<testcase classname="spec.controllers.measurements_controller_spec" name="MeasurementsController POST #create valid data without measurement prefix is expected to eq 201" file="./spec/controllers/measurements_controller_spec.rb" time="1.031786"></testcase>
<testcase classname="spec.controllers.measurements_controller_spec" name="MeasurementsController POST #create valid data should have values in post data" file="./spec/controllers/measurements_controller_spec.rb" time="1.044591"></testcase>
<testcase classname="spec.controllers.measurements_controller_spec" name="MeasurementsController POST #create valid data is expected to eq 1" file="./spec/controllers/measurements_controller_spec.rb" time="1.038709"></testcase>
<testcase classname="spec.controllers.measurements_controller_spec" name="MeasurementsController POST #create valid data is expected to eq 201" file="./spec/controllers/measurements_controller_spec.rb" time="1.033505"></testcase>
<testcase classname="spec.controllers.measurements_controller_spec" name="MeasurementsController POST #create empty data is expected to eq 422" file="./spec/controllers/measurements_controller_spec.rb" time="1.024989"></testcase>
<testcase classname="spec.controllers.measurements_controller_spec" name="MeasurementsController POST #create empty data is expected to eq 0" file="./spec/controllers/measurements_controller_spec.rb" time="1.015936"></testcase>
<testcase classname="spec.controllers.measurements_controller_spec" name="MeasurementsController POST #create duplicated data as created before is expected to eq 422" file="./spec/controllers/measurements_controller_spec.rb" time="1.048675"></testcase>
<testcase classname="spec.controllers.measurements_controller_spec" name="MeasurementsController POST #create duplicated data as created before should not create new measurement" file="./spec/controllers/measurements_controller_spec.rb" time="1.035415"></testcase>
<testcase classname="spec.controllers.measurements_controller_spec" name="MeasurementsController GET #count when html is expected to eq 0" file="./spec/controllers/measurements_controller_spec.rb" time="1.037106"></testcase>
<testcase classname="spec.controllers.measurements_controller_spec" name="MeasurementsController GET #count when json is expected to eq {&quot;count&quot;=&gt;0}" file="./spec/controllers/measurements_controller_spec.rb" time="0.997649"></testcase>
<testcase classname="spec.controllers.measurements_controller_spec" name="MeasurementsController GET #new when user has no measurement is expected to be ok" file="./spec/controllers/measurements_controller_spec.rb" time="1.045974"></testcase>
<testcase classname="spec.controllers.measurements_controller_spec" name="MeasurementsController GET #new when user has no measurement should use default measurement" file="./spec/controllers/measurements_controller_spec.rb" time="1.015521"></testcase>
<testcase classname="spec.controllers.measurements_controller_spec" name="MeasurementsController GET #new when user has measurement is expected to be ok" file="./spec/controllers/measurements_controller_spec.rb" time="1.031892"></testcase>
<testcase classname="spec.controllers.measurements_controller_spec" name="MeasurementsController GET #new when user has measurement should use last measurement" file="./spec/controllers/measurements_controller_spec.rb" time="1.018115"></testcase>
<testcase classname="spec.controllers.bgeigie_imports.not_submitted_controller_spec" name="BgeigieImports::NotSubmittedController GET #index is expected to be ok" file="./spec/controllers/bgeigie_imports/not_submitted_controller_spec.rb" time="1.030725"></testcase>
<testcase classname="spec.controllers.bgeigie_imports.not_submitted_controller_spec" name="BgeigieImports::NotSubmittedController GET #index is expected not to be nil" file="./spec/controllers/bgeigie_imports/not_submitted_controller_spec.rb" time="1.026585"></testcase>
<testcase classname="spec.acceptance.user_downloads_bgeigie_imports_in_kml_spec" name="Downloading bGeigie imports in KML format downloading KML formatted file" file="./spec/acceptance/user_downloads_bgeigie_imports_in_kml_spec.rb" time="7.611775"></testcase>
<testcase classname="spec.integration.api.measurements_spec" name="/measurements API endpoint empty post" file="./spec/integration/api/measurements_spec.rb" time="1.052302"></testcase>
<testcase classname="spec.integration.api.measurements_spec" name="/measurements API endpoint post a new measurement" file="./spec/integration/api/measurements_spec.rb" time="1.053049"></testcase>
</testsuite>
