<?xml version="1.0" encoding="UTF-8"?>
<testsuite name="rspec" tests="29" skipped="0" failures="1" errors="0" time="59.373788" timestamp="2021-06-14T10:10:15+00:00" hostname="ws-fdbbbfb2-dede-48ad-8946-68694c82e36a">
<properties>
<property name="seed" value="34153"/>
</properties>
<testcase classname="spec.models.measurement_import_spec" name="MeasurementImport validations uniqueness_of_md5sum should check uniqueness of md5sum" file="./spec/models/measurement_import_spec.rb" time="1.320483"></testcase>
<testcase classname="spec.controllers.bgeigie_imports.auto_approved_controller_spec" name="BgeigieImports::AutoApprovedController GET #index is expected not to be nil" file="./spec/controllers/bgeigie_imports/auto_approved_controller_spec.rb" time="1.351046"></testcase>
<testcase classname="spec.controllers.bgeigie_imports.auto_approved_controller_spec" name="BgeigieImports::AutoApprovedController GET #index is expected to be ok" file="./spec/controllers/bgeigie_imports/auto_approved_controller_spec.rb" time="1.163705"></testcase>
<testcase classname="spec.models.user_spec" name="User#first_name and #last_name first_name is expected to == &quot;Paul&quot;" file="./spec/models/user_spec.rb" time="1.073287"></testcase>
<testcase classname="spec.models.user_spec" name="User#first_name and #last_name last_name is expected to == &quot;Campbell&quot;" file="./spec/models/user_spec.rb" time="1.274999"></testcase>
<testcase classname="spec.integration.api.devices_spec" name="/devices with existing devices lookup a particular device" file="./spec/integration/api/devices_spec.rb" time="1.350945"></testcase>
<testcase classname="spec.integration.api.devices_spec" name="/devices with existing devices lookup all devices" file="./spec/integration/api/devices_spec.rb" time="1.219059"></testcase>
<testcase classname="spec.integration.api.devices_spec" name="/devices with existing devices no duplicate devices" file="./spec/integration/api/devices_spec.rb" time="1.200037"></testcase>
<testcase classname="spec.integration.api.devices_spec" name="/devices with existing devices lookup all Safecast devices" file="./spec/integration/api/devices_spec.rb" time="1.116380"></testcase>
<testcase classname="spec.requests.device_story_comments_controller_spec" name="DeviceStoryCommentsController POST #create creates invalid comment" file="./spec/requests/device_story_comments_controller_spec.rb" time="1.380262"></testcase>
<testcase classname="spec.requests.device_story_comments_controller_spec" name="DeviceStoryCommentsController POST #create creates valid comment" file="./spec/requests/device_story_comments_controller_spec.rb" time="1.243534"></testcase>
<testcase classname="spec.requests.device_story_comments_controller_spec" name="DeviceStoryCommentsController DELETE #destroy deletes comment" file="./spec/requests/device_story_comments_controller_spec.rb" time="1.156776"></testcase>
<testcase classname="spec.models.ingest_measurment_spec" name="IngestMeasurement#data_for_device should fetch data" file="./spec/models/ingest_measurment_spec.rb" time="1.203365"><failure message="RSpec::Core::MultipleExceptionError" type="RSpec::Core::MultipleExceptionError">
</failure></testcase>
<testcase classname="spec.controllers.measurements_controller_spec" name="MeasurementsController GET #count when html is expected to eq 0" file="./spec/controllers/measurements_controller_spec.rb" time="1.235074"></testcase>
<testcase classname="spec.controllers.measurements_controller_spec" name="MeasurementsController GET #count when json is expected to eq {&quot;count&quot;=&gt;0}" file="./spec/controllers/measurements_controller_spec.rb" time="1.248145"></testcase>
<testcase classname="spec.controllers.measurements_controller_spec" name="MeasurementsController GET #new when user has measurement is expected to be ok" file="./spec/controllers/measurements_controller_spec.rb" time="1.196081"></testcase>
<testcase classname="spec.controllers.measurements_controller_spec" name="MeasurementsController GET #new when user has measurement should use last measurement" file="./spec/controllers/measurements_controller_spec.rb" time="1.242448"></testcase>
<testcase classname="spec.controllers.measurements_controller_spec" name="MeasurementsController GET #new when user has no measurement should use default measurement" file="./spec/controllers/measurements_controller_spec.rb" time="1.159696"></testcase>
<testcase classname="spec.controllers.measurements_controller_spec" name="MeasurementsController GET #new when user has no measurement is expected to be ok" file="./spec/controllers/measurements_controller_spec.rb" time="1.267854"></testcase>
<testcase classname="spec.controllers.measurements_controller_spec" name="MeasurementsController POST #create valid data without measurement prefix is expected to eq 1" file="./spec/controllers/measurements_controller_spec.rb" time="1.276703"></testcase>
<testcase classname="spec.controllers.measurements_controller_spec" name="MeasurementsController POST #create valid data without measurement prefix is expected to eq 201" file="./spec/controllers/measurements_controller_spec.rb" time="1.214188"></testcase>
<testcase classname="spec.controllers.measurements_controller_spec" name="MeasurementsController POST #create duplicated data as created before is expected to eq 422" file="./spec/controllers/measurements_controller_spec.rb" time="1.124838"></testcase>
<testcase classname="spec.controllers.measurements_controller_spec" name="MeasurementsController POST #create duplicated data as created before should not create new measurement" file="./spec/controllers/measurements_controller_spec.rb" time="1.370659"></testcase>
<testcase classname="spec.controllers.measurements_controller_spec" name="MeasurementsController POST #create empty data is expected to eq 0" file="./spec/controllers/measurements_controller_spec.rb" time="1.250305"></testcase>
<testcase classname="spec.controllers.measurements_controller_spec" name="MeasurementsController POST #create empty data is expected to eq 422" file="./spec/controllers/measurements_controller_spec.rb" time="1.338987"></testcase>
<testcase classname="spec.controllers.measurements_controller_spec" name="MeasurementsController POST #create valid data is expected to eq 201" file="./spec/controllers/measurements_controller_spec.rb" time="1.364937"></testcase>
<testcase classname="spec.controllers.measurements_controller_spec" name="MeasurementsController POST #create valid data is expected to eq 1" file="./spec/controllers/measurements_controller_spec.rb" time="1.259451"></testcase>
<testcase classname="spec.controllers.measurements_controller_spec" name="MeasurementsController POST #create valid data should have values in post data" file="./spec/controllers/measurements_controller_spec.rb" time="1.196646"></testcase>
<testcase classname="spec.acceptance.user_views_their_measurements_spec" name="User submits a reading First reading" file="./spec/acceptance/user_views_their_measurements_spec.rb" time="22.734330"></testcase>
</testsuite>
